# JRE version: Java(TM) SE Runtime Environment (8.0_111-b14) (build 1.8.0_111-b14)
# Java VM: Java HotSpot(TM) 64-Bit Server VM (25.111-b14 mixed mode windows-amd64 compressed oops)
Heap:
 PSYoungGen      total 132096K, used 84997K [0x00000000e0000000, 0x00000000eab00000, 0x0000000100000000)
  eden space 120832K, 61% used [0x00000000e0000000,0x00000000e4808a58,0x00000000e7600000)
  from space 11264K, 99% used [0x00000000e7600000,0x00000000e80f8ce0,0x00000000e8100000)
  to   space 12800K, 0% used [0x00000000e9e80000,0x00000000e9e80000,0x00000000eab00000)
 ParOldGen       total 104960K, used 15813K [0x00000000a0000000, 0x00000000a6680000, 0x00000000e0000000)
  object space 104960K, 15% used [0x00000000a0000000,0x00000000a0f714b8,0x00000000a6680000)
 Metaspace       used 46862K, capacity 48244K, committed 48512K, reserved 1091584K
  class space    used 6471K, capacity 6773K, committed 6784K, reserved 1048576K
GC Heap History (10 events):
Event: 4.809 GC heap before
{Heap before GC invocations=7 (full 1):
 PSYoungGen      total 71680K, used 71663K [0x00000000e0000000, 0x00000000e6f00000, 0x0000000100000000)
  eden space 66560K, 100% used [0x00000000e0000000,0x00000000e4100000,0x00000000e4100000)
  from space 5120K, 99% used [0x00000000e4100000,0x00000000e45fbc00,0x00000000e4600000)
  to   space 10752K, 0% used [0x00000000e6480000,0x00000000e6480000,0x00000000e6f00000)
 ParOldGen       total 71680K, used 15010K [0x00000000a0000000, 0x00000000a4600000, 0x00000000e0000000)
  object space 71680K, 20% used [0x00000000a0000000,0x00000000a0ea8a60,0x00000000a4600000)
 Metaspace       used 28334K, capacity 28962K, committed 29312K, reserved 1075200K
  class space    used 3971K, capacity 4140K, committed 4224K, reserved 1048576K
Event: 4.817 GC heap after
Heap after GC invocations=7 (full 1):
 PSYoungGen      total 98816K, used 5706K [0x00000000e0000000, 0x00000000e6d00000, 0x0000000100000000)
  eden space 90112K, 0% used [0x00000000e0000000,0x00000000e0000000,0x00000000e5800000)
  from space 8704K, 65% used [0x00000000e6480000,0x00000000e6a12b20,0x00000000e6d00000)
  to   space 10752K, 0% used [0x00000000e5800000,0x00000000e5800000,0x00000000e6280000)
 ParOldGen       total 71680K, used 15018K [0x00000000a0000000, 0x00000000a4600000, 0x00000000e0000000)
  object space 71680K, 20% used [0x00000000a0000000,0x00000000a0eaaa60,0x00000000a4600000)
 Metaspace       used 28334K, capacity 28962K, committed 29312K, reserved 1075200K
  class space    used 3971K, capacity 4140K, committed 4224K, reserved 1048576K
}
Event: 6.054 GC heap before
{Heap before GC invocations=8 (full 1):
 PSYoungGen      total 98816K, used 95818K [0x00000000e0000000, 0x00000000e6d00000, 0x0000000100000000)
  eden space 90112K, 100% used [0x00000000e0000000,0x00000000e5800000,0x00000000e5800000)
  from space 8704K, 65% used [0x00000000e6480000,0x00000000e6a12b20,0x00000000e6d00000)
  to   space 10752K, 0% used [0x00000000e5800000,0x00000000e5800000,0x00000000e6280000)
 ParOldGen       total 71680K, used 15018K [0x00000000a0000000, 0x00000000a4600000, 0x00000000e0000000)
  object space 71680K, 20% used [0x00000000a0000000,0x00000000a0eaaa60,0x00000000a4600000)
 Metaspace       used 33077K, capacity 33908K, committed 34048K, reserved 1079296K
  class space    used 4564K, capacity 4794K, committed 4864K, reserved 1048576K
Event: 6.066 GC heap after
Heap after GC invocations=8 (full 1):
 PSYoungGen      total 100864K, used 9929K [0x00000000e0000000, 0x00000000e8c80000, 0x0000000100000000)
  eden space 90112K, 0% used [0x00000000e0000000,0x00000000e0000000,0x00000000e5800000)
  from space 10752K, 92% used [0x00000000e5800000,0x00000000e61b2520,0x00000000e6280000)
  to   space 11776K, 0% used [0x00000000e8100000,0x00000000e8100000,0x00000000e8c80000)
 ParOldGen       total 71680K, used 15026K [0x00000000a0000000, 0x00000000a4600000, 0x00000000e0000000)
  object space 71680K, 20% used [0x00000000a0000000,0x00000000a0eaca60,0x00000000a4600000)
 Metaspace       used 33077K, capacity 33908K, committed 34048K, reserved 1079296K
  class space    used 4564K, capacity 4794K, committed 4864K, reserved 1048576K
}
Event: 6.257 GC heap before
{Heap before GC invocations=9 (full 1):
 PSYoungGen      total 100864K, used 28579K [0x00000000e0000000, 0x00000000e8c80000, 0x0000000100000000)
  eden space 90112K, 20% used [0x00000000e0000000,0x00000000e1236760,0x00000000e5800000)
  from space 10752K, 92% used [0x00000000e5800000,0x00000000e61b2520,0x00000000e6280000)
  to   space 11776K, 0% used [0x00000000e8100000,0x00000000e8100000,0x00000000e8c80000)
 ParOldGen       total 71680K, used 15026K [0x00000000a0000000, 0x00000000a4600000, 0x00000000e0000000)
  object space 71680K, 20% used [0x00000000a0000000,0x00000000a0eaca60,0x00000000a4600000)
 Metaspace       used 34609K, capacity 35320K, committed 35456K, reserved 1079296K
  class space    used 4763K, capacity 4960K, committed 4992K, reserved 1048576K
Event: 6.266 GC heap after
Heap after GC invocations=9 (full 1):
 PSYoungGen      total 132608K, used 8081K [0x00000000e0000000, 0x00000000e9500000, 0x0000000100000000)
  eden space 120832K, 0% used [0x00000000e0000000,0x00000000e0000000,0x00000000e7600000)
  from space 11776K, 68% used [0x00000000e8100000,0x00000000e88e44c0,0x00000000e8c80000)
  to   space 11264K, 0% used [0x00000000e7600000,0x00000000e7600000,0x00000000e8100000)
 ParOldGen       total 71680K, used 15026K [0x00000000a0000000, 0x00000000a4600000, 0x00000000e0000000)
  object space 71680K, 20% used [0x00000000a0000000,0x00000000a0eaca60,0x00000000a4600000)
 Metaspace       used 34609K, capacity 35320K, committed 35456K, reserved 1079296K
  class space    used 4763K, capacity 4960K, committed 4992K, reserved 1048576K
}
Event: 6.266 GC heap before
{Heap before GC invocations=10 (full 2):
 PSYoungGen      total 132608K, used 8081K [0x00000000e0000000, 0x00000000e9500000, 0x0000000100000000)
  eden space 120832K, 0% used [0x00000000e0000000,0x00000000e0000000,0x00000000e7600000)
  from space 11776K, 68% used [0x00000000e8100000,0x00000000e88e44c0,0x00000000e8c80000)
  to   space 11264K, 0% used [0x00000000e7600000,0x00000000e7600000,0x00000000e8100000)
 ParOldGen       total 71680K, used 15026K [0x00000000a0000000, 0x00000000a4600000, 0x00000000e0000000)
  object space 71680K, 20% used [0x00000000a0000000,0x00000000a0eaca60,0x00000000a4600000)
 Metaspace       used 34609K, capacity 35320K, committed 35456K, reserved 1079296K
  class space    used 4763K, capacity 4960K, committed 4992K, reserved 1048576K
Event: 6.355 GC heap after
Heap after GC invocations=10 (full 2):
 PSYoungGen      total 132608K, used 0K [0x00000000e0000000, 0x00000000e9500000, 0x0000000100000000)
  eden space 120832K, 0% used [0x00000000e0000000,0x00000000e0000000,0x00000000e7600000)
  from space 11776K, 0% used [0x00000000e8100000,0x00000000e8100000,0x00000000e8c80000)
  to   space 11264K, 0% used [0x00000000e7600000,0x00000000e7600000,0x00000000e8100000)
 ParOldGen       total 104960K, used 15741K [0x00000000a0000000, 0x00000000a6680000, 0x00000000e0000000)
  object space 104960K, 14% used [0x00000000a0000000,0x00000000a0f5f4a8,0x00000000a6680000)
 Metaspace       used 34609K, capacity 35320K, committed 35456K, reserved 1079296K
  class space    used 4763K, capacity 4960K, committed 4992K, reserved 1048576K
}
Event: 8.211 GC heap before
{Heap before GC invocations=11 (full 2):
 PSYoungGen      total 132608K, used 120832K [0x00000000e0000000, 0x00000000e9500000, 0x0000000100000000)
  eden space 120832K, 100% used [0x00000000e0000000,0x00000000e7600000,0x00000000e7600000)
  from space 11776K, 0% used [0x00000000e8100000,0x00000000e8100000,0x00000000e8c80000)
  to   space 11264K, 0% used [0x00000000e7600000,0x00000000e7600000,0x00000000e8100000)
 ParOldGen       total 104960K, used 15741K [0x00000000a0000000, 0x00000000a6680000, 0x00000000e0000000)
  object space 104960K, 14% used [0x00000000a0000000,0x00000000a0f5f4a8,0x00000000a6680000)
 Metaspace       used 43428K, capacity 44416K, committed 44672K, reserved 1087488K
  class space    used 5949K, capacity 6187K, committed 6272K, reserved 1048576K
Event: 8.223 GC heap after
Heap after GC invocations=11 (full 2):
 PSYoungGen      total 132096K, used 11235K [0x00000000e0000000, 0x00000000eab00000, 0x0000000100000000)
  eden space 120832K, 0% used [0x00000000e0000000,0x00000000e0000000,0x00000000e7600000)
  from space 11264K, 99% used [0x00000000e7600000,0x00000000e80f8ce0,0x00000000e8100000)
  to   space 12800K, 0% used [0x00000000e9e80000,0x00000000e9e80000,0x00000000eab00000)
 ParOldGen       total 104960K, used 15813K [0x00000000a0000000, 0x00000000a6680000, 0x00000000e0000000)
  object space 104960K, 15% used [0x00000000a0000000,0x00000000a0f714b8,0x00000000a6680000)
 Metaspace       used 43428K, capacity 44416K, committed 44672K, reserved 1087488K
  class space    used 5949K, capacity 6187K, committed 6272K, reserved 1048576K
}

