# JRE version: Java(TM) SE Runtime Environment (8.0_111-b14) (build 1.8.0_111-b14)
# Java VM: Java HotSpot(TM) 64-Bit Server VM (25.111-b14 mixed mode windows-amd64 compressed oops)
Heap:
 PSYoungGen      total 143872K, used 92916K [0x00000000e0000000, 0x00000000ea800000, 0x0000000100000000)
  eden space 129024K, 72% used [0x00000000e0000000,0x00000000e5abd200,0x00000000e7e00000)
  from space 14848K, 0% used [0x00000000e7e00000,0x00000000e7e00000,0x00000000e8c80000)
  to   space 21504K, 0% used [0x00000000e9300000,0x00000000e9300000,0x00000000ea800000)
 ParOldGen       total 96768K, used 42512K [0x00000000a0000000, 0x00000000a5e80000, 0x00000000e0000000)
  object space 96768K, 43% used [0x00000000a0000000,0x00000000a2984340,0x00000000a5e80000)
 Metaspace       used 52348K, capacity 54348K, committed 54656K, reserved 1095680K
  class space    used 7290K, capacity 7704K, committed 7808K, reserved 1048576K
GC Heap History (10 events):
Event: 12.597 GC heap before
{Heap before GC invocations=12 (full 2):
 PSYoungGen      total 109056K, used 5041K [0x00000000e0000000, 0x00000000e7780000, 0x0000000100000000)
  eden space 97792K, 0% used [0x00000000e0000000,0x00000000e0000000,0x00000000e5f80000)
  from space 11264K, 44% used [0x00000000e6a80000,0x00000000e6f6c7c8,0x00000000e7580000)
  to   space 11264K, 0% used [0x00000000e5f80000,0x00000000e5f80000,0x00000000e6a80000)
 ParOldGen       total 70656K, used 11726K [0x00000000a0000000, 0x00000000a4500000, 0x00000000e0000000)
  object space 70656K, 16% used [0x00000000a0000000,0x00000000a0b73878,0x00000000a4500000)
 Metaspace       used 34622K, capacity 35322K, committed 35456K, reserved 1079296K
  class space    used 4763K, capacity 4987K, committed 4992K, reserved 1048576K
Event: 12.701 GC heap after
Heap after GC invocations=12 (full 2):
 PSYoungGen      total 109056K, used 0K [0x00000000e0000000, 0x00000000e7780000, 0x0000000100000000)
  eden space 97792K, 0% used [0x00000000e0000000,0x00000000e0000000,0x00000000e5f80000)
  from space 11264K, 0% used [0x00000000e6a80000,0x00000000e6a80000,0x00000000e7580000)
  to   space 11264K, 0% used [0x00000000e5f80000,0x00000000e5f80000,0x00000000e6a80000)
 ParOldGen       total 96768K, used 15434K [0x00000000a0000000, 0x00000000a5e80000, 0x00000000e0000000)
  object space 96768K, 15% used [0x00000000a0000000,0x00000000a0f12a10,0x00000000a5e80000)
 Metaspace       used 34622K, capacity 35322K, committed 35456K, reserved 1079296K
  class space    used 4763K, capacity 4987K, committed 4992K, reserved 1048576K
}
Event: 17.945 GC heap before
{Heap before GC invocations=13 (full 2):
 PSYoungGen      total 109056K, used 97792K [0x00000000e0000000, 0x00000000e7780000, 0x0000000100000000)
  eden space 97792K, 100% used [0x00000000e0000000,0x00000000e5f80000,0x00000000e5f80000)
  from space 11264K, 0% used [0x00000000e6a80000,0x00000000e6a80000,0x00000000e7580000)
  to   space 11264K, 0% used [0x00000000e5f80000,0x00000000e5f80000,0x00000000e6a80000)
 ParOldGen       total 96768K, used 15434K [0x00000000a0000000, 0x00000000a5e80000, 0x00000000e0000000)
  object space 96768K, 15% used [0x00000000a0000000,0x00000000a0f12a10,0x00000000a5e80000)
 Metaspace       used 41903K, capacity 42792K, committed 43136K, reserved 1087488K
  class space    used 5736K, capacity 5933K, committed 6016K, reserved 1048576K
Event: 17.961 GC heap after
Heap after GC invocations=13 (full 2):
 PSYoungGen      total 109056K, used 9153K [0x00000000e0000000, 0x00000000e9800000, 0x0000000100000000)
  eden space 97792K, 0% used [0x00000000e0000000,0x00000000e0000000,0x00000000e5f80000)
  from space 11264K, 81% used [0x00000000e5f80000,0x00000000e6870490,0x00000000e6a80000)
  to   space 11776K, 0% used [0x00000000e8c80000,0x00000000e8c80000,0x00000000e9800000)
 ParOldGen       total 96768K, used 15442K [0x00000000a0000000, 0x00000000a5e80000, 0x00000000e0000000)
  object space 96768K, 15% used [0x00000000a0000000,0x00000000a0f14a10,0x00000000a5e80000)
 Metaspace       used 41903K, capacity 42792K, committed 43136K, reserved 1087488K
  class space    used 5736K, capacity 5933K, committed 6016K, reserved 1048576K
}
Event: 25.331 GC heap before
{Heap before GC invocations=14 (full 2):
 PSYoungGen      total 109056K, used 106945K [0x00000000e0000000, 0x00000000e9800000, 0x0000000100000000)
  eden space 97792K, 100% used [0x00000000e0000000,0x00000000e5f80000,0x00000000e5f80000)
  from space 11264K, 81% used [0x00000000e5f80000,0x00000000e6870490,0x00000000e6a80000)
  to   space 11776K, 0% used [0x00000000e8c80000,0x00000000e8c80000,0x00000000e9800000)
 ParOldGen       total 96768K, used 15442K [0x00000000a0000000, 0x00000000a5e80000, 0x00000000e0000000)
  object space 96768K, 15% used [0x00000000a0000000,0x00000000a0f14a10,0x00000000a5e80000)
 Metaspace       used 46916K, capacity 48214K, committed 48512K, reserved 1091584K
  class space    used 6470K, capacity 6768K, committed 6784K, reserved 1048576K
Event: 25.359 GC heap after
Heap after GC invocations=14 (full 2):
 PSYoungGen      total 140800K, used 11776K [0x00000000e0000000, 0x00000000e9b00000, 0x0000000100000000)
  eden space 129024K, 0% used [0x00000000e0000000,0x00000000e0000000,0x00000000e7e00000)
  from space 11776K, 100% used [0x00000000e8c80000,0x00000000e9800000,0x00000000e9800000)
  to   space 14848K, 0% used [0x00000000e7e00000,0x00000000e7e00000,0x00000000e8c80000)
 ParOldGen       total 96768K, used 19417K [0x00000000a0000000, 0x00000000a5e80000, 0x00000000e0000000)
  object space 96768K, 20% used [0x00000000a0000000,0x00000000a12f6418,0x00000000a5e80000)
 Metaspace       used 46916K, capacity 48214K, committed 48512K, reserved 1091584K
  class space    used 6470K, capacity 6768K, committed 6784K, reserved 1048576K
}
Event: 36.092 GC heap before
{Heap before GC invocations=15 (full 2):
 PSYoungGen      total 140800K, used 139351K [0x00000000e0000000, 0x00000000e9b00000, 0x0000000100000000)
  eden space 129024K, 98% used [0x00000000e0000000,0x00000000e7c95e98,0x00000000e7e00000)
  from space 11776K, 100% used [0x00000000e8c80000,0x00000000e9800000,0x00000000e9800000)
  to   space 14848K, 0% used [0x00000000e7e00000,0x00000000e7e00000,0x00000000e8c80000)
 ParOldGen       total 96768K, used 19417K [0x00000000a0000000, 0x00000000a5e80000, 0x00000000e0000000)
  object space 96768K, 20% used [0x00000000a0000000,0x00000000a12f6418,0x00000000a5e80000)
 Metaspace       used 51902K, capacity 53806K, committed 54016K, reserved 1095680K
  class space    used 7265K, capacity 7675K, committed 7680K, reserved 1048576K
Event: 36.171 GC heap after
Heap after GC invocations=15 (full 2):
 PSYoungGen      total 143872K, used 14833K [0x00000000e0000000, 0x00000000ea800000, 0x0000000100000000)
  eden space 129024K, 0% used [0x00000000e0000000,0x00000000e0000000,0x00000000e7e00000)
  from space 14848K, 99% used [0x00000000e7e00000,0x00000000e8c7c760,0x00000000e8c80000)
  to   space 21504K, 0% used [0x00000000e9300000,0x00000000e9300000,0x00000000ea800000)
 ParOldGen       total 96768K, used 33019K [0x00000000a0000000, 0x00000000a5e80000, 0x00000000e0000000)
  object space 96768K, 34% used [0x00000000a0000000,0x00000000a203eea0,0x00000000a5e80000)
 Metaspace       used 51902K, capacity 53806K, committed 54016K, reserved 1095680K
  class space    used 7265K, capacity 7675K, committed 7680K, reserved 1048576K
}
Event: 36.171 GC heap before
{Heap before GC invocations=16 (full 3):
 PSYoungGen      total 143872K, used 14833K [0x00000000e0000000, 0x00000000ea800000, 0x0000000100000000)
  eden space 129024K, 0% used [0x00000000e0000000,0x00000000e0000000,0x00000000e7e00000)
  from space 14848K, 99% used [0x00000000e7e00000,0x00000000e8c7c760,0x00000000e8c80000)
  to   space 21504K, 0% used [0x00000000e9300000,0x00000000e9300000,0x00000000ea800000)
 ParOldGen       total 96768K, used 33019K [0x00000000a0000000, 0x00000000a5e80000, 0x00000000e0000000)
  object space 96768K, 34% used [0x00000000a0000000,0x00000000a203eea0,0x00000000a5e80000)
 Metaspace       used 51902K, capacity 53806K, committed 54016K, reserved 1095680K
  class space    used 7265K, capacity 7675K, committed 7680K, reserved 1048576K
Event: 36.982 GC heap after
Heap after GC invocations=16 (full 3):
 PSYoungGen      total 143872K, used 0K [0x00000000e0000000, 0x00000000ea800000, 0x0000000100000000)
  eden space 129024K, 0% used [0x00000000e0000000,0x00000000e0000000,0x00000000e7e00000)
  from space 14848K, 0% used [0x00000000e7e00000,0x00000000e7e00000,0x00000000e8c80000)
  to   space 21504K, 0% used [0x00000000e9300000,0x00000000e9300000,0x00000000ea800000)
 ParOldGen       total 96768K, used 42512K [0x00000000a0000000, 0x00000000a5e80000, 0x00000000e0000000)
  object space 96768K, 43% used [0x00000000a0000000,0x00000000a2984340,0x00000000a5e80000)
 Metaspace       used 51902K, capacity 53806K, committed 54016K, reserved 1095680K
  class space    used 7265K, capacity 7675K, committed 7680K, reserved 1048576K
}

