# JRE version: Java(TM) SE Runtime Environment (8.0_111-b14) (build 1.8.0_111-b14)
# Java VM: Java HotSpot(TM) 64-Bit Server VM (25.111-b14 mixed mode windows-amd64 compressed oops)
Heap:
 PSYoungGen      total 132096K, used 31294K [0x00000000e0000000, 0x00000000e9900000, 0x0000000100000000)
  eden space 120320K, 17% used [0x00000000e0000000,0x00000000e143e6c0,0x00000000e7580000)
  from space 11776K, 89% used [0x00000000e7580000,0x00000000e7fd1150,0x00000000e8100000)
  to   space 11264K, 0% used [0x00000000e8100000,0x00000000e8100000,0x00000000e8c00000)
 ParOldGen       total 70144K, used 15648K [0x00000000a0000000, 0x00000000a4480000, 0x00000000e0000000)
  object space 70144K, 22% used [0x00000000a0000000,0x00000000a0f481b8,0x00000000a4480000)
 Metaspace       used 43678K, capacity 44640K, committed 44928K, reserved 1087488K
  class space    used 5960K, capacity 6183K, committed 6272K, reserved 1048576K
GC Heap History (10 events):
Event: 4.838 GC heap before
{Heap before GC invocations=7 (full 1):
 PSYoungGen      total 71680K, used 71652K [0x00000000e0000000, 0x00000000e6f00000, 0x0000000100000000)
  eden space 66560K, 100% used [0x00000000e0000000,0x00000000e4100000,0x00000000e4100000)
  from space 5120K, 99% used [0x00000000e4100000,0x00000000e45f9258,0x00000000e4600000)
  to   space 10240K, 0% used [0x00000000e6500000,0x00000000e6500000,0x00000000e6f00000)
 ParOldGen       total 70144K, used 13634K [0x00000000a0000000, 0x00000000a4480000, 0x00000000e0000000)
  object space 70144K, 19% used [0x00000000a0000000,0x00000000a0d50970,0x00000000a4480000)
 Metaspace       used 28004K, capacity 28428K, committed 28672K, reserved 1073152K
  class space    used 3895K, capacity 4039K, committed 4096K, reserved 1048576K
Event: 4.845 GC heap after
Heap after GC invocations=7 (full 1):
 PSYoungGen      total 97280K, used 5599K [0x00000000e0000000, 0x00000000e6c00000, 0x0000000100000000)
  eden space 90112K, 0% used [0x00000000e0000000,0x00000000e0000000,0x00000000e5800000)
  from space 7168K, 78% used [0x00000000e6500000,0x00000000e6a77c20,0x00000000e6c00000)
  to   space 10240K, 0% used [0x00000000e5800000,0x00000000e5800000,0x00000000e6200000)
 ParOldGen       total 70144K, used 13642K [0x00000000a0000000, 0x00000000a4480000, 0x00000000e0000000)
  object space 70144K, 19% used [0x00000000a0000000,0x00000000a0d52970,0x00000000a4480000)
 Metaspace       used 28004K, capacity 28428K, committed 28672K, reserved 1073152K
  class space    used 3895K, capacity 4039K, committed 4096K, reserved 1048576K
}
Event: 6.234 GC heap before
{Heap before GC invocations=8 (full 1):
 PSYoungGen      total 97280K, used 95711K [0x00000000e0000000, 0x00000000e6c00000, 0x0000000100000000)
  eden space 90112K, 100% used [0x00000000e0000000,0x00000000e5800000,0x00000000e5800000)
  from space 7168K, 78% used [0x00000000e6500000,0x00000000e6a77c20,0x00000000e6c00000)
  to   space 10240K, 0% used [0x00000000e5800000,0x00000000e5800000,0x00000000e6200000)
 ParOldGen       total 70144K, used 13642K [0x00000000a0000000, 0x00000000a4480000, 0x00000000e0000000)
  object space 70144K, 19% used [0x00000000a0000000,0x00000000a0d52970,0x00000000a4480000)
 Metaspace       used 32975K, capacity 33630K, committed 33920K, reserved 1079296K
  class space    used 4529K, capacity 4693K, committed 4736K, reserved 1048576K
Event: 6.251 GC heap after
Heap after GC invocations=8 (full 1):
 PSYoungGen      total 100352K, used 10089K [0x00000000e0000000, 0x00000000e8c00000, 0x0000000100000000)
  eden space 90112K, 0% used [0x00000000e0000000,0x00000000e0000000,0x00000000e5800000)
  from space 10240K, 98% used [0x00000000e5800000,0x00000000e61da7c0,0x00000000e6200000)
  to   space 11264K, 0% used [0x00000000e8100000,0x00000000e8100000,0x00000000e8c00000)
 ParOldGen       total 70144K, used 13650K [0x00000000a0000000, 0x00000000a4480000, 0x00000000e0000000)
  object space 70144K, 19% used [0x00000000a0000000,0x00000000a0d54970,0x00000000a4480000)
 Metaspace       used 32975K, capacity 33630K, committed 33920K, reserved 1079296K
  class space    used 4529K, capacity 4693K, committed 4736K, reserved 1048576K
}
Event: 6.625 GC heap before
{Heap before GC invocations=9 (full 1):
 PSYoungGen      total 100352K, used 26870K [0x00000000e0000000, 0x00000000e8c00000, 0x0000000100000000)
  eden space 90112K, 18% used [0x00000000e0000000,0x00000000e1063388,0x00000000e5800000)
  from space 10240K, 98% used [0x00000000e5800000,0x00000000e61da7c0,0x00000000e6200000)
  to   space 11264K, 0% used [0x00000000e8100000,0x00000000e8100000,0x00000000e8c00000)
 ParOldGen       total 70144K, used 13650K [0x00000000a0000000, 0x00000000a4480000, 0x00000000e0000000)
  object space 70144K, 19% used [0x00000000a0000000,0x00000000a0d54970,0x00000000a4480000)
 Metaspace       used 34622K, capacity 35170K, committed 35456K, reserved 1079296K
  class space    used 4742K, capacity 4923K, committed 4992K, reserved 1048576K
Event: 6.649 GC heap after
Heap after GC invocations=9 (full 1):
 PSYoungGen      total 131584K, used 8761K [0x00000000e0000000, 0x00000000e9900000, 0x0000000100000000)
  eden space 120320K, 0% used [0x00000000e0000000,0x00000000e0000000,0x00000000e7580000)
  from space 11264K, 77% used [0x00000000e8100000,0x00000000e898e610,0x00000000e8c00000)
  to   space 11776K, 0% used [0x00000000e7580000,0x00000000e7580000,0x00000000e8100000)
 ParOldGen       total 70144K, used 13658K [0x00000000a0000000, 0x00000000a4480000, 0x00000000e0000000)
  object space 70144K, 19% used [0x00000000a0000000,0x00000000a0d56970,0x00000000a4480000)
 Metaspace       used 34622K, capacity 35170K, committed 35456K, reserved 1079296K
  class space    used 4742K, capacity 4923K, committed 4992K, reserved 1048576K
}
Event: 6.649 GC heap before
{Heap before GC invocations=10 (full 2):
 PSYoungGen      total 131584K, used 8761K [0x00000000e0000000, 0x00000000e9900000, 0x0000000100000000)
  eden space 120320K, 0% used [0x00000000e0000000,0x00000000e0000000,0x00000000e7580000)
  from space 11264K, 77% used [0x00000000e8100000,0x00000000e898e610,0x00000000e8c00000)
  to   space 11776K, 0% used [0x00000000e7580000,0x00000000e7580000,0x00000000e8100000)
 ParOldGen       total 70144K, used 13658K [0x00000000a0000000, 0x00000000a4480000, 0x00000000e0000000)
  object space 70144K, 19% used [0x00000000a0000000,0x00000000a0d56970,0x00000000a4480000)
 Metaspace       used 34622K, capacity 35170K, committed 35456K, reserved 1079296K
  class space    used 4742K, capacity 4923K, committed 4992K, reserved 1048576K
Event: 6.789 GC heap after
Heap after GC invocations=10 (full 2):
 PSYoungGen      total 131584K, used 0K [0x00000000e0000000, 0x00000000e9900000, 0x0000000100000000)
  eden space 120320K, 0% used [0x00000000e0000000,0x00000000e0000000,0x00000000e7580000)
  from space 11264K, 0% used [0x00000000e8100000,0x00000000e8100000,0x00000000e8c00000)
  to   space 11776K, 0% used [0x00000000e7580000,0x00000000e7580000,0x00000000e8100000)
 ParOldGen       total 70144K, used 15576K [0x00000000a0000000, 0x00000000a4480000, 0x00000000e0000000)
  object space 70144K, 22% used [0x00000000a0000000,0x00000000a0f361a8,0x00000000a4480000)
 Metaspace       used 34622K, capacity 35170K, committed 35456K, reserved 1079296K
  class space    used 4742K, capacity 4923K, committed 4992K, reserved 1048576K
}
Event: 8.726 GC heap before
{Heap before GC invocations=11 (full 2):
 PSYoungGen      total 131584K, used 120320K [0x00000000e0000000, 0x00000000e9900000, 0x0000000100000000)
  eden space 120320K, 100% used [0x00000000e0000000,0x00000000e7580000,0x00000000e7580000)
  from space 11264K, 0% used [0x00000000e8100000,0x00000000e8100000,0x00000000e8c00000)
  to   space 11776K, 0% used [0x00000000e7580000,0x00000000e7580000,0x00000000e8100000)
 ParOldGen       total 70144K, used 15576K [0x00000000a0000000, 0x00000000a4480000, 0x00000000e0000000)
  object space 70144K, 22% used [0x00000000a0000000,0x00000000a0f361a8,0x00000000a4480000)
 Metaspace       used 43117K, capacity 43948K, committed 44288K, reserved 1087488K
  class space    used 5868K, capacity 6113K, committed 6144K, reserved 1048576K
Event: 8.741 GC heap after
Heap after GC invocations=11 (full 2):
 PSYoungGen      total 132096K, used 10564K [0x00000000e0000000, 0x00000000e9900000, 0x0000000100000000)
  eden space 120320K, 0% used [0x00000000e0000000,0x00000000e0000000,0x00000000e7580000)
  from space 11776K, 89% used [0x00000000e7580000,0x00000000e7fd1150,0x00000000e8100000)
  to   space 11264K, 0% used [0x00000000e8100000,0x00000000e8100000,0x00000000e8c00000)
 ParOldGen       total 70144K, used 15648K [0x00000000a0000000, 0x00000000a4480000, 0x00000000e0000000)
  object space 70144K, 22% used [0x00000000a0000000,0x00000000a0f481b8,0x00000000a4480000)
 Metaspace       used 43117K, capacity 43948K, committed 44288K, reserved 1087488K
  class space    used 5868K, capacity 6113K, committed 6144K, reserved 1048576K
}

